<?xml version="1.0" encoding="UTF-8"?>
<!-- Generated by org.testng.reporters.JUnitReportReporter -->
<testsuite skipped="0" hostname="Administrators-MacBook-Pro.local" name="test.ProductSelection" tests="1" failures="0" timestamp="2021-07-03T23:29:13 IST" time="14.084" errors="0">
  <testcase name="testcase1" time="14.084" classname="test.ProductSelection"/>
  <system-out/>
</testsuite> <!-- test.ProductSelection -->
